<?xml version="1.0" encoding="utf-8"?><testsuites><testsuite errors="0" failures="0" hostname="dalemy-mbp" name="pytest" skipped="0" tests="4" time="0.173" timestamp="2020-07-10T15:48:55.926661"><testcase classname="tests.test_basic.BasicTestSuite" file="tests/test_basic.py" line="146" name="test_localize_script_objc" time="0.002"></testcase><testcase classname="tests.test_basic.BasicTestSuite" file="tests/test_basic.py" line="132" name="test_localize_script_swift" time="0.001"></testcase><testcase classname="tests.test_basic.BasicTestSuite" file="tests/test_basic.py" line="141" name="test_objc_detection_script" time="0.001"></testcase><testcase classname="tests.test_basic.BasicTestSuite" file="tests/test_basic.py" line="128" name="test_swift_detection_script" time="0.001"></testcase></testsuite></testsuites>